2025/09/24 14:38:03 "GET http://localhost:8080/api/v1/admin/filesystem/library/browse HTTP/1.1" from [::1]:62097 - 401 54B in 284.958µs
2025/09/24 14:44:39 "OPTIONS http://localhost:8080/api/v1/users/me HTTP/1.1" from [::1]:63068 - 401 54B in 248µs
2025/09/24 14:44:39 "OPTIONS http://localhost:8080/api/v1/admin/filesystem/library/browse? HTTP/1.1" from [::1]:63069 - 401 54B in 112.584µs
2025/09/24 14:44:40 "OPTIONS http://localhost:8080/api/v1/users/me HTTP/1.1" from [::1]:63068 - 401 54B in 61.75µs
2025/09/24 14:45:11 "OPTIONS http://localhost:8080/api/v1/admin/library-paths HTTP/1.1" from [::1]:63181 - 401 54B in 77.958µs
2025/09/24 14:56:07 "OPTIONS http://localhost:8080/api/v1/users/me HTTP/1.1" from [::1]:64607 - 401 54B in 63.542µs
2025/09/24 14:56:07 "OPTIONS http://localhost:8080/api/v1/admin/library-paths HTTP/1.1" from [::1]:64608 - 401 54B in 43.25µs
2025/09/24 14:56:07 "OPTIONS http://localhost:8080/api/v1/admin/library-paths HTTP/1.1" from [::1]:64610 - 401 54B in 47.708µs
2025/09/24 14:56:08 "OPTIONS http://localhost:8080/api/v1/users/me HTTP/1.1" from [::1]:64607 - 401 54B in 45.834µs
2025/09/24 14:57:15 "OPTIONS http://localhost:8080/api/v1/admin/filesystem/library/browse? HTTP/1.1" from [::1]:64752 - 401 54B in 154.417µs
2025/09/24 14:58:53 "GET http://localhost:8080/api/v1/admin/filesystem/library/browse HTTP/1.1" from [::1]:64969 - 401 54B in 1.0075ms
2025/09/24 15:00:52 "POST http://localhost:8080/api/v1/auth/login HTTP/1.1" from [::1]:65368 - 200 172B in 67.207ms
2025/09/24 15:01:00 "GET http://localhost:8080/api/v1/admin/filesystem/library/browse HTTP/1.1" from [::1]:65397 - 200 1564B in 61.571375ms
2025/09/24 15:01:18 "GET http://localhost:8080/api/v1/admin/library-paths HTTP/1.1" from [::1]:65452 - 200 14B in 4.875708ms
2025/09/24 15:43:46 "OPTIONS http://localhost:8080/api/v1/users/me HTTP/1.1" from [::1]:54714 - 401 54B in 4.112959ms
2025/09/24 16:00:34 "OPTIONS http://localhost:8080/api/v1/library/continue HTTP/1.1" from [::1]:57198 - 401 54B in 86.208µs
2025/09/24 16:00:34 "OPTIONS http://localhost:8080/api/v1/users/me HTTP/1.1" from [::1]:57197 - 401 54B in 25.375µs
2025/09/24 16:00:35 "OPTIONS http://localhost:8080/api/v1/library/continue HTTP/1.1" from [::1]:57198 - 401 54B in 27.083µs
2025/09/24 16:00:35 "OPTIONS http://localhost:8080/api/v1/users/me HTTP/1.1" from [::1]:57197 - 401 54B in 12.875µs
2025/09/24 16:00:42 "OPTIONS http://localhost:8080/api/v1/library/continue HTTP/1.1" from [::1]:57197 - 401 54B in 22.833µs
2025/09/24 16:00:42 "OPTIONS http://localhost:8080/api/v1/users/me HTTP/1.1" from [::1]:57198 - 401 54B in 14.416µs
2025/09/24 16:00:43 "OPTIONS http://localhost:8080/api/v1/library/continue HTTP/1.1" from [::1]:57197 - 401 54B in 61.375µs
2025/09/24 16:00:43 "OPTIONS http://localhost:8080/api/v1/users/me HTTP/1.1" from [::1]:57198 - 401 54B in 32.792µs
2025/09/24 16:00:45 "POST http://localhost:8080/api/v1/auth/login HTTP/1.1" from [::1]:57225 - 200 172B in 88.54525ms
2025/09/24 16:00:45 "POST http://localhost:8080/api/v1/auth/login HTTP/1.1" from [::1]:57226 - 200 172B in 87.993ms
2025/09/24 16:00:45 "GET http://localhost:8080/api/v1/admin/library-paths HTTP/1.1" from [::1]:57228 - 200 14B in 142.292µs
2025/09/24 16:00:45 "GET http://localhost:8080/api/v1/admin/library-paths HTTP/1.1" from [::1]:57227 - 200 14B in 517.584µs
2025/09/24 16:00:46 "GET http://localhost:8080/api/v1/admin/filesystem/library/browse HTTP/1.1" from [::1]:57231 - 200 1564B in 5.633917ms
2025/09/24 16:26:56 "GET http://localhost:8080/api/v1/admin/filesystem/library/browse?path=Calibre%20Library HTTP/1.1" from [::1]:60520 - 200 1406B in 8.935791ms
2025/09/24 16:26:58 "GET http://localhost:8080/api/v1/admin/filesystem/library/browse HTTP/1.1" from [::1]:60526 - 200 1564B in 4.24075ms
2025/09/24 16:26:59 "GET http://localhost:8080/api/v1/admin/filesystem/library/browse?path=010015100b514000 HTTP/1.1" from [::1]:60530 - 200 104B in 881.875µs
2025/09/24 16:27:01 "GET http://localhost:8080/api/v1/admin/filesystem/library/browse HTTP/1.1" from [::1]:60536 - 200 1564B in 1.092625ms
2025/09/24 16:38:29 "OPTIONS http://localhost:8080/api/v1/users/me HTTP/1.1" from [::1]:61887 - 401 54B in 3.825584ms
2025/09/24 16:38:29 "GET http://localhost:8080/api/v1/admin/library-paths HTTP/1.1" from [::1]:61889 - 200 14B in 4.878375ms
2025/09/24 16:38:29 "GET http://localhost:8080/api/v1/admin/library-paths HTTP/1.1" from [::1]:61890 - 200 14B in 6.879ms
2025/09/24 16:38:29 "OPTIONS http://localhost:8080/api/v1/users/me HTTP/1.1" from [::1]:61887 - 401 54B in 33.417µs
2025/09/24 16:38:29 "OPTIONS http://localhost:8080/api/v1/library/continue HTTP/1.1" from [::1]:61891 - 401 54B in 70.75µs
2025/09/24 20:10:09 "GET http://localhost:8080/api/v1/admin/filesystem/library/browse HTTP/1.1" from [::1]:49670 - 200 1564B in 13.678ms
2025/09/24 20:10:09 "GET http://localhost:8080/api/v1/admin/filesystem/library/browse HTTP/1.1" from [::1]:49671 - 200 1564B in 14.405167ms
2025/09/24 20:10:09 "GET http://localhost:8080/api/v1/admin/filesystem/library/browse HTTP/1.1" from [::1]:49675 - 200 1564B in 535.5µs
2025/09/24 20:10:09 "GET http://localhost:8080/api/v1/admin/filesystem/library/browse HTTP/1.1" from [::1]:49674 - 200 1564B in 837.708µs
2025/09/24 20:10:14 "GET http://localhost:8080/api/v1/admin/filesystem/library/browse HTTP/1.1" from [::1]:49689 - 200 1564B in 576.625µs
2025/09/24 20:10:14 "GET http://localhost:8080/api/v1/admin/filesystem/library/browse HTTP/1.1" from [::1]:49690 - 200 1564B in 900.208µs
2025/09/24 20:10:21 "GET http://localhost:8080/api/v1/admin/filesystem/library/browse HTTP/1.1" from [::1]:49725 - 200 1564B in 1.089042ms
2025/09/24 20:10:36 "GET http://localhost:8080/api/v1/admin/filesystem/library/browse HTTP/1.1" from [::1]:49784 - 200 1564B in 581.75µs
2025/09/24 20:10:45 "GET http://localhost:8080/api/v1/admin/filesystem/library/browse HTTP/1.1" from [::1]:49820 - 200 1564B in 503.417µs
2025/09/24 20:10:46 "GET http://localhost:8080/api/v1/admin/filesystem/library/browse?path=Users%2Fdrake HTTP/1.1" from [::1]:49835 - 500 108B in 1.148666ms
2025/09/24 20:10:48 "GET http://localhost:8080/api/v1/admin/filesystem/library/browse HTTP/1.1" from [::1]:49842 - 200 1564B in 757.125µs
2025/09/24 20:10:50 "GET http://localhost:8080/api/v1/admin/filesystem/library/browse?path=Users HTTP/1.1" from [::1]:49848 - 500 102B in 422.375µs
2025/09/24 20:10:51 "GET http://localhost:8080/api/v1/admin/filesystem/library/browse HTTP/1.1" from [::1]:49852 - 200 1564B in 949.375µs
2025/09/24 20:10:52 "GET http://localhost:8080/api/v1/admin/filesystem/library/browse?path=Users%2Fdrake%2FDownloads HTTP/1.1" from [::1]:49856 - 500 118B in 464.541µs
2025/09/24 20:10:53 "GET http://localhost:8080/api/v1/admin/filesystem/library/browse HTTP/1.1" from [::1]:49860 - 200 1564B in 1.048833ms
2025/09/24 20:10:54 "GET http://localhost:8080/api/v1/admin/filesystem/library/browse HTTP/1.1" from [::1]:49864 - 200 1564B in 744µs
2025/09/24 20:10:55 "GET http://localhost:8080/api/v1/admin/filesystem/library/browse?path=Users%2Fdrake%2FDownloads HTTP/1.1" from [::1]:49868 - 500 118B in 314.458µs
2025/09/24 20:10:56 "GET http://localhost:8080/api/v1/admin/filesystem/library/browse HTTP/1.1" from [::1]:49873 - 200 1564B in 1.015208ms
2025/09/24 20:10:57 "GET http://localhost:8080/api/v1/admin/filesystem/library/browse HTTP/1.1" from [::1]:49880 - 200 1564B in 1.166292ms
2025/09/24 20:11:09 "GET http://localhost:8080/api/v1/admin/filesystem/library/browse?path=010015100b514000 HTTP/1.1" from [::1]:49943 - 200 104B in 2.669ms
2025/09/24 20:11:16 "GET http://localhost:8080/api/v1/admin/filesystem/library/browse HTTP/1.1" from [::1]:49965 - 200 1564B in 906.417µs
2025/09/24 20:11:16 "GET http://localhost:8080/api/v1/admin/filesystem/library/browse HTTP/1.1" from [::1]:49967 - 200 1564B in 574.25µs
2025/09/24 20:11:25 "GET http://localhost:8080/api/v1/admin/filesystem/library/browse?path=010015100b514000 HTTP/1.1" from [::1]:49988 - 200 104B in 481.125µs
2025/09/24 20:11:27 "GET http://localhost:8080/api/v1/admin/filesystem/library/browse?path=Users%2Fdrake%2FDownloads HTTP/1.1" from [::1]:49996 - 500 118B in 317.084µs
2025/09/24 20:11:28 "GET http://localhost:8080/api/v1/admin/filesystem/library/browse HTTP/1.1" from [::1]:50001 - 200 1564B in 898.458µs
2025/09/24 20:11:34 "GET http://localhost:8080/api/v1/admin/filesystem/library/browse?path=%2FUsers%2Fdrake%2FDownloads HTTP/1.1" from [::1]:50014 - 500 118B in 267.291µs
2025/09/24 20:11:35 "GET http://localhost:8080/api/v1/admin/filesystem/library/browse?path=%2FUsers%2Fdrake%2FDownloads HTTP/1.1" from [::1]:50021 - 500 118B in 239.792µs
2025/09/24 20:11:35 "GET http://localhost:8080/api/v1/admin/filesystem/library/browse?path=%2FUsers%2Fdrake%2FDownloads HTTP/1.1" from [::1]:50022 - 500 118B in 210.625µs
2025/09/24 20:11:37 "GET http://localhost:8080/api/v1/admin/filesystem/library/browse HTTP/1.1" from [::1]:50027 - 200 1564B in 1.009417ms
2025/09/24 20:11:40 "GET http://localhost:8080/api/v1/admin/filesystem/library/browse?path=8BitDo%20Ultimate%20Software%20V2.app HTTP/1.1" from [::1]:50035 - 200 295B in 1.763542ms
2025/09/24 20:11:42 "GET http://localhost:8080/api/v1/admin/filesystem/library/browse?path=%2FUsers%2Fdrake%2FDownloads%2F8BitDo%20Ultimate%20Software%20V2.app HTTP/1.1" from [::1]:50042 - 500 150B in 271.625µs
2025/09/24 20:11:51 "GET http://localhost:8080/api/v1/admin/filesystem/library/browse?path=%2FUsers%2Fdrake%2FDownloads%2F8BitDo%20Ultimate%20Software%20V2.app HTTP/1.1" from [::1]:50065 - 500 150B in 250.042µs
2025/09/24 20:11:51 "GET http://localhost:8080/api/v1/admin/filesystem/library/browse?path=%2FUsers%2Fdrake%2FDownloads%2F8BitDo%20Ultimate%20Software%20V2.app HTTP/1.1" from [::1]:50066 - 500 150B in 248.792µs
2025/09/24 20:11:53 "GET http://localhost:8080/api/v1/admin/filesystem/library/browse HTTP/1.1" from [::1]:50070 - 200 1564B in 1.095208ms
2025/09/24 20:11:54 "GET http://localhost:8080/api/v1/admin/filesystem/library/browse?path=Users%2Fdrake%2FDownloads HTTP/1.1" from [::1]:50077 - 500 118B in 404.5µs
2025/09/24 20:11:58 "GET http://localhost:8080/api/v1/admin/filesystem/library/browse HTTP/1.1" from [::1]:50089 - 200 1564B in 845.75µs
2025/09/27 11:54:12 "OPTIONS http://localhost:8080/api/v1/library/continue HTTP/1.1" from [::1]:60457 - 401 54B in 3.312042ms
2025/09/27 11:54:12 "OPTIONS http://localhost:8080/api/v1/users/me HTTP/1.1" from [::1]:60456 - 401 54B in 3.551084ms
2025/09/27 11:54:13 "OPTIONS http://localhost:8080/api/v1/library/continue HTTP/1.1" from [::1]:60457 - 401 54B in 65.417µs
2025/09/27 11:54:13 "OPTIONS http://localhost:8080/api/v1/users/me HTTP/1.1" from [::1]:60456 - 401 54B in 34.125µs
2025/09/27 11:54:17 "GET http://localhost:8080/api/v1/admin/library-paths HTTP/1.1" from [::1]:60469 - 200 14B in 8.650792ms
2025/09/27 11:54:17 "GET http://localhost:8080/api/v1/admin/library-paths HTTP/1.1" from [::1]:60468 - 200 14B in 8.694416ms
2025/09/27 11:54:32 "GET http://localhost:8080/api/v1/admin/library-paths HTTP/1.1" from [::1]:60503 - 200 14B in 289.125µs
2025/09/27 11:54:32 "GET http://localhost:8080/api/v1/admin/library-paths HTTP/1.1" from [::1]:60504 - 200 14B in 805.791µs
2025/09/27 11:54:33 "GET http://localhost:8080/api/v1/admin/filesystem/library/browse HTTP/1.1" from [::1]:60509 - 200 1564B in 2.494458ms
2025/09/27 11:54:33 "GET http://localhost:8080/api/v1/admin/filesystem/library/browse HTTP/1.1" from [::1]:60510 - 200 1564B in 1.554833ms
2025/09/27 11:54:46 "GET http://localhost:8080/api/v1/admin/filesystem/library/browse?path=dist HTTP/1.1" from [::1]:60540 - 200 280B in 604.042µs
2025/09/27 11:54:48 "GET http://localhost:8080/api/v1/admin/filesystem/library/browse?path=dist%2Fassets HTTP/1.1" from [::1]:60544 - 200 94B in 601.459µs
2025/09/27 11:54:49 "GET http://localhost:8080/api/v1/admin/filesystem/library/browse?path=dist HTTP/1.1" from [::1]:60548 - 200 280B in 606.958µs
2025/09/27 11:54:49 "GET http://localhost:8080/api/v1/admin/filesystem/library/browse HTTP/1.1" from [::1]:60551 - 200 1564B in 1.328959ms
2025/09/27 11:55:12 "GET http://localhost:8080/api/v1/admin/library-paths HTTP/1.1" from [::1]:60601 - 200 14B in 324.667µs
2025/09/27 11:55:12 "GET http://localhost:8080/api/v1/admin/library-paths HTTP/1.1" from [::1]:60600 - 200 14B in 247.834µs
2025/09/27 11:55:13 "GET http://localhost:8080/api/v1/admin/filesystem/library/browse HTTP/1.1" from [::1]:60606 - 200 1564B in 1.825875ms
2025/09/27 11:55:13 "GET http://localhost:8080/api/v1/admin/filesystem/library/browse HTTP/1.1" from [::1]:60607 - 200 1564B in 557.125µs
2025/09/27 11:55:17 "GET http://localhost:8080/api/v1/admin/filesystem/library/browse HTTP/1.1" from [::1]:60619 - 200 1564B in 1.353625ms
2025/09/27 11:55:18 "GET http://localhost:8080/api/v1/admin/filesystem/library/browse HTTP/1.1" from [::1]:60622 - 200 1564B in 4.782583ms
2025/09/27 11:55:21 "GET http://localhost:8080/api/v1/admin/filesystem/library/browse?path=Calibre%20Library HTTP/1.1" from [::1]:60629 - 200 1406B in 1.833458ms
2025/09/27 11:56:19 "GET http://localhost:8080/api/v1/admin/filesystem/library/browse HTTP/1.1" from [::1]:60754 - 200 1564B in 1.161209ms
2025/09/27 11:57:03 "OPTIONS http://localhost:8080/api/v1/users/me HTTP/1.1" from [::1]:60850 - 401 54B in 42.875µs
2025/09/27 11:57:03 "GET http://localhost:8080/api/v1/admin/library-paths HTTP/1.1" from [::1]:60852 - 200 14B in 254.75µs
2025/09/27 11:57:03 "GET http://localhost:8080/api/v1/admin/library-paths HTTP/1.1" from [::1]:60853 - 200 14B in 465.959µs
2025/09/27 11:57:04 "OPTIONS http://localhost:8080/api/v1/users/me HTTP/1.1" from [::1]:60850 - 401 54B in 54.5µs
2025/09/27 11:57:05 "GET http://localhost:8080/api/v1/admin/filesystem/library/browse HTTP/1.1" from [::1]:60858 - 200 1564B in 964.375µs
2025/09/27 11:57:05 "GET http://localhost:8080/api/v1/admin/filesystem/library/browse HTTP/1.1" from [::1]:60859 - 200 1564B in 502.042µs
2025/09/27 11:57:11 "GET http://localhost:8080/api/v1/admin/filesystem/library/browse?path=ForkLift.app HTTP/1.1" from [::1]:60875 - 200 219B in 1.627958ms
2025/09/27 11:57:13 "GET http://localhost:8080/api/v1/admin/filesystem/library/browse HTTP/1.1" from [::1]:60880 - 200 1564B in 1.023334ms
2025/09/27 11:57:23 "GET http://localhost:8080/api/v1/admin/filesystem/library/browse?path=8BitDo%20Ultimate%20Software%20V2.app HTTP/1.1" from [::1]:60902 - 200 295B in 2.485125ms
2025/09/27 11:57:25 "GET http://localhost:8080/api/v1/admin/filesystem/library/browse?path=8BitDo%20Ultimate%20Software%20V2.app%2FContents HTTP/1.1" from [::1]:60907 - 200 889B in 802.166µs
2025/09/27 11:57:26 "GET http://localhost:8080/api/v1/admin/filesystem/library/browse?path=8BitDo%20Ultimate%20Software%20V2.app%2FContents%2FMacOS HTTP/1.1" from [::1]:60912 - 200 164B in 642.875µs
2025/09/27 11:57:28 "GET http://localhost:8080/api/v1/admin/filesystem/library/browse?path=8BitDo%20Ultimate%20Software%20V2.app%2FContents HTTP/1.1" from [::1]:60917 - 200 889B in 522.292µs
2025/09/27 11:57:29 "GET http://localhost:8080/api/v1/admin/filesystem/library/browse?path=8BitDo%20Ultimate%20Software%20V2.app%2FContents%2FFrameworks HTTP/1.1" from [::1]:60922 - 200 3827B in 1.856791ms
2025/09/27 11:57:30 "GET http://localhost:8080/api/v1/admin/filesystem/library/browse?path=8BitDo%20Ultimate%20Software%20V2.app%2FContents%2FFrameworks%2FAlamofire.framework HTTP/1.1" from [::1]:60928 - 200 455B in 1.680958ms
2025/09/27 11:57:33 "GET http://localhost:8080/api/v1/admin/filesystem/library/browse HTTP/1.1" from [::1]:60936 - 200 1564B in 1.173375ms
2025/09/27 11:57:57 "GET http://localhost:8080/api/v1/admin/filesystem/library/browse?path=%2FUsers%2Fdrake%2FDownloads%2FCalibre%20Library HTTP/1.1" from [::1]:60986 - 500 134B in 256.334µs
2025/09/27 12:07:13 "OPTIONS http://localhost:8080/api/v1/users/me HTTP/1.1" from [::1]:61835 - 401 54B in 135.917µs
2025/09/27 12:07:13 "GET http://localhost:8080/api/v1/admin/library-paths HTTP/1.1" from [::1]:61838 - 200 14B in 849.292µs
2025/09/27 12:07:13 "GET http://localhost:8080/api/v1/admin/library-paths HTTP/1.1" from [::1]:61837 - 200 14B in 1.784709ms
2025/09/27 12:07:14 "OPTIONS http://localhost:8080/api/v1/users/me HTTP/1.1" from [::1]:61835 - 401 54B in 36.125µs
2025/09/27 12:07:14 "GET http://localhost:8080/api/v1/admin/filesystem/library/browse HTTP/1.1" from [::1]:61843 - 200 1564B in 2.78775ms
2025/09/27 12:07:14 "GET http://localhost:8080/api/v1/admin/filesystem/library/browse HTTP/1.1" from [::1]:61844 - 200 1564B in 630.375µs
2025/09/27 12:07:47 "OPTIONS http://localhost:8080/api/v1/users/me HTTP/1.1" from [::1]:61921 - 401 54B in 42.042µs
2025/09/27 12:07:47 "GET http://localhost:8080/api/v1/admin/library-paths HTTP/1.1" from [::1]:61923 - 200 14B in 303.084µs
2025/09/27 12:07:47 "GET http://localhost:8080/api/v1/admin/library-paths HTTP/1.1" from [::1]:61924 - 200 14B in 223.5µs
2025/09/27 12:09:27 "GET http://localhost:8080/api/v1/admin/library-paths HTTP/1.1" from [::1]:62137 - 200 14B in 421.125µs
2025/09/27 12:09:27 "GET http://localhost:8080/api/v1/admin/library-paths HTTP/1.1" from [::1]:62138 - 200 14B in 385.542µs
2025/09/27 12:09:37 "GET http://localhost:8080/api/v1/admin/library-paths HTTP/1.1" from [::1]:62162 - 200 14B in 579.5µs
2025/09/27 14:08:03 "OPTIONS http://localhost:8080/api/v1/users/me HTTP/1.1" from [::1]:49670 - 401 54B in 3.299292ms
2025/09/27 14:08:05 "OPTIONS http://localhost:8080/api/v1/users/me HTTP/1.1" from [::1]:49670 - 401 54B in 24.542µs
2025/09/27 14:08:05 "GET http://localhost:8080/api/v1/admin/library-paths HTTP/1.1" from [::1]:49682 - 200 14B in 11.947667ms
2025/09/27 14:08:05 "GET http://localhost:8080/api/v1/admin/library-paths HTTP/1.1" from [::1]:49683 - 200 14B in 9.832625ms
2025/09/27 14:08:06 "OPTIONS http://localhost:8080/api/v1/users/me HTTP/1.1" from [::1]:49670 - 401 54B in 54.958µs
2025/09/27 14:08:08 "GET http://localhost:8080/api/v1/admin/filesystem/library/browse HTTP/1.1" from [::1]:49690 - 200 1564B in 3.543416ms
2025/09/27 14:08:08 "GET http://localhost:8080/api/v1/admin/filesystem/library/browse HTTP/1.1" from [::1]:49691 - 200 1564B in 593µs
2025/09/27 14:08:17 "GET http://localhost:8080/api/v1/admin/filesystem/library/browse HTTP/1.1" from [::1]:49712 - 200 1564B in 994.167µs
2025/09/27 14:08:17 "GET http://localhost:8080/api/v1/admin/filesystem/library/browse HTTP/1.1" from [::1]:49713 - 200 1564B in 510.709µs
2025/09/27 14:08:51 "GET http://localhost:8080/api/v1/admin/filesystem/library/browse?path=Calibre%20Library HTTP/1.1" from [::1]:49783 - 200 1406B in 1.753208ms
2025/09/27 14:08:59 "GET http://localhost:8080/api/v1/admin/filesystem/library/browse HTTP/1.1" from [::1]:49801 - 200 1564B in 656.875µs
2025/09/27 14:08:59 "GET http://localhost:8080/api/v1/admin/filesystem/library/browse HTTP/1.1" from [::1]:49802 - 200 1564B in 513.083µs
2025/09/27 14:10:55 "GET http://localhost:8080/api/v1/admin/filesystem/library/browse HTTP/1.1" from [::1]:50042 - 200 1564B in 1.283542ms
2025/09/27 14:10:55 "GET http://localhost:8080/api/v1/admin/filesystem/library/browse HTTP/1.1" from [::1]:50043 - 200 1564B in 1.251583ms
2025/09/27 14:15:02 "OPTIONS http://localhost:8080/api/v1/users/me HTTP/1.1" from [::1]:50653 - 401 54B in 79.208µs
2025/09/27 14:15:02 "OPTIONS http://localhost:8080/api/v1/library/continue HTTP/1.1" from [::1]:50654 - 401 54B in 16.708µs
2025/09/27 14:15:03 "OPTIONS http://localhost:8080/api/v1/users/me HTTP/1.1" from [::1]:50653 - 401 54B in 24.209µs
2025/09/27 14:15:03 "OPTIONS http://localhost:8080/api/v1/library/continue HTTP/1.1" from [::1]:50654 - 401 54B in 29.458µs
2025/09/27 14:15:07 "POST http://localhost:8080/api/v1/auth/login HTTP/1.1" from [::1]:50669 - 200 172B in 91.104709ms
2025/09/27 14:15:07 "POST http://localhost:8080/api/v1/auth/login HTTP/1.1" from [::1]:50670 - 200 172B in 91.036458ms
2025/09/27 14:16:41 "OPTIONS http://localhost:8080/api/v1/users/me HTTP/1.1" from [::1]:49835 - 401 54B in 40.917µs
2025/09/27 14:16:42 "OPTIONS http://localhost:8080/api/v1/users/me HTTP/1.1" from [::1]:49835 - 401 54B in 27.209µs
2025/09/27 14:19:50 "OPTIONS http://localhost:8080/api/v1/users/me HTTP/1.1" from [::1]:50177 - 401 54B in 58µs
2025/09/27 14:20:09 "POST http://localhost:8080/api/v1/auth/login HTTP/1.1" from [::1]:50247 - 200 172B in 74.235417ms
2025/09/27 14:20:09 "POST http://localhost:8080/api/v1/auth/login HTTP/1.1" from [::1]:50246 - 200 172B in 74.519167ms
2025/09/27 14:22:55 "POST http://localhost:8080/api/v1/auth/login HTTP/1.1" from [::1]:60408 - 200 172B in 87.369708ms
2025/09/27 14:22:55 "POST http://localhost:8080/api/v1/auth/login HTTP/1.1" from [::1]:60409 - 200 172B in 87.373584ms
